TN:
SF:D:/angular11/shop/src/polyfills.ts
FNF:0
FNH:0
DA:46,1
DA:73,1
LF:2
LH:2
BRF:0
BRH:0
end_of_record
TN:
SF:D:/angular11/shop/src/test.ts
FNF:0
FNH:0
DA:3,1
DA:4,1
DA:5,1
DA:13,1
DA:18,1
DA:20,1
LF:6
LH:6
BRF:0
BRH:0
end_of_record
TN:
SF:D:/angular11/shop/src/app/app.component.ts
FN:13,(anonymous_2)
FN:16,AppComponent
FN:23,(anonymous_4)
FN:27,(anonymous_5)
FN:33,(anonymous_6)
FN:36,(anonymous_7)
FN:37,(anonymous_8)
FN:38,(anonymous_9)
FN:44,(anonymous_10)
FN:45,(anonymous_11)
FN:48,(anonymous_12)
FNF:11
FNH:9
FNDA:1,(anonymous_2)
FNDA:2,AppComponent
FNDA:2,(anonymous_4)
FNDA:2,(anonymous_5)
FNDA:2,(anonymous_6)
FNDA:2,(anonymous_7)
FNDA:2,(anonymous_8)
FNDA:2,(anonymous_9)
FNDA:2,(anonymous_10)
FNDA:0,(anonymous_11)
FNDA:0,(anonymous_12)
DA:1,1
DA:2,1
DA:3,1
DA:6,1
DA:13,1
DA:17,2
DA:18,2
DA:19,2
DA:20,2
DA:23,1
DA:24,2
DA:27,1
DA:28,2
DA:29,2
DA:33,2
DA:34,2
DA:36,2
DA:37,2
DA:39,2
DA:40,0
DA:42,2
DA:44,2
DA:45,0
DA:49,0
DA:50,0
DA:54,1
LF:26
LH:22
BRDA:28,0,0,2
BRDA:28,0,1,0
BRF:2
BRH:1
end_of_record
TN:
SF:D:/angular11/shop/src/app/products/product-observable.service.ts
FN:12,(anonymous_5)
FN:14,ProductObservableService
FN:19,(anonymous_7)
FN:32,(anonymous_8)
FN:37,(anonymous_9)
FN:42,(anonymous_10)
FN:53,(anonymous_11)
FN:56,(anonymous_12)
FN:60,(anonymous_13)
FN:64,(anonymous_14)
FN:79,(anonymous_15)
FNF:11
FNH:11
FNDA:1,(anonymous_5)
FNDA:8,ProductObservableService
FNDA:1,(anonymous_7)
FNDA:3,(anonymous_8)
FNDA:2,(anonymous_9)
FNDA:1,(anonymous_10)
FNDA:1,(anonymous_11)
FNDA:1,(anonymous_12)
FNDA:4,(anonymous_13)
FNDA:1,(anonymous_14)
FNDA:1,(anonymous_15)
DA:1,1
DA:2,1
DA:5,1
DA:6,1
DA:8,1
DA:12,1
DA:15,8
DA:16,8
DA:19,1
DA:20,1
DA:21,1
DA:22,1
DA:23,1
DA:24,1
DA:28,1
DA:32,1
DA:33,3
DA:37,1
DA:38,2
DA:42,1
DA:43,1
DA:44,1
DA:45,1
DA:49,1
DA:53,1
DA:54,1
DA:56,1
DA:60,1
DA:61,4
DA:64,1
DA:67,1
DA:68,0
DA:70,1
DA:75,1
DA:76,1
DA:79,1
DA:80,1
DA:82,1
LF:38
LH:37
BRDA:61,0,0,4
BRDA:61,0,1,0
BRDA:67,1,0,0
BRDA:67,1,1,1
BRF:4
BRH:2
end_of_record
TN:
SF:D:/angular11/shop/src/app/products/products.config.ts
FNF:0
FNH:0
DA:1,1
DA:3,1
DA:5,1
DA:7,1
LF:4
LH:4
BRF:0
BRH:0
end_of_record
TN:
SF:D:/angular11/shop/src/app/products/components/product/product.component.ts
FN:11,(anonymous_2)
FN:16,ProductComponent
FN:18,(anonymous_4)
FN:21,(anonymous_5)
FN:25,(anonymous_6)
FNF:5
FNH:5
FNDA:1,(anonymous_2)
FNDA:3,ProductComponent
FNDA:3,(anonymous_4)
FNDA:1,(anonymous_5)
FNDA:1,(anonymous_6)
DA:1,1
DA:11,1
DA:12,1
DA:13,4
DA:14,4
DA:18,1
DA:21,1
DA:22,1
DA:25,1
DA:26,1
DA:28,1
LF:11
LH:11
BRF:0
BRH:0
end_of_record
TN:
SF:D:/angular11/shop/src/app/products/components/product-list/product-list.component.ts
FN:18,(anonymous_2)
FN:21,ProductListComponent
FN:27,(anonymous_4)
FN:33,(anonymous_5)
FN:37,(anonymous_6)
FNF:5
FNH:3
FNDA:1,(anonymous_2)
FNDA:2,ProductListComponent
FNDA:2,(anonymous_4)
FNDA:0,(anonymous_5)
FNDA:0,(anonymous_6)
DA:1,1
DA:3,1
DA:4,1
DA:5,1
DA:6,1
DA:11,1
DA:18,1
DA:22,2
DA:23,2
DA:24,2
DA:27,1
DA:28,2
DA:29,2
DA:30,2
DA:33,1
DA:34,0
DA:37,1
DA:38,0
DA:39,0
DA:43,1
LF:20
LH:17
BRF:0
BRH:0
end_of_record
TN:
SF:D:/angular11/shop/src/app/shared/pipes/order-by.pipe.ts
FN:8,(anonymous_1)
FN:9,(anonymous_3)
FN:15,(anonymous_4)
FN:21,(anonymous_5)
FN:27,(anonymous_6)
FNF:5
FNH:5
FNDA:2,(anonymous_1)
FNDA:7,(anonymous_3)
FNDA:9,(anonymous_4)
FNDA:12,(anonymous_5)
FNDA:12,(anonymous_6)
DA:1,1
DA:8,1
DA:9,8
DA:10,7
DA:11,0
DA:13,7
DA:15,3
DA:16,9
DA:19,3
DA:21,2
DA:22,12
DA:25,2
DA:27,2
DA:28,12
DA:31,2
DA:33,7
DA:36,1
LF:17
LH:16
BRDA:9,0,0,1
BRDA:9,0,1,6
BRDA:10,1,0,0
BRDA:10,1,1,7
BRDA:14,2,0,3
BRDA:14,2,1,2
BRDA:14,2,2,2
BRDA:16,3,0,3
BRDA:16,3,1,6
BRDA:22,4,0,6
BRDA:22,4,1,6
BRDA:28,5,0,6
BRDA:28,5,1,6
BRF:13
BRH:12
end_of_record
